TN:
SF:src/db.py
DA:1,1,tv9Qpjn6o9A7bjwvouKsRg
DA:2,1,/bcibaqIJW9NiyCVtP2d5A
DA:4,1,vCNmZdYNZbEUL8hOW5yvew
DA:7,1,/ZYkSPpPPQjACta7acM9vA
DA:12,1,BKg6pCz+RCz3o/82wdpRSA
LF:5
LH:5
BRF:0
BRH:0
end_of_record
TN:
SF:src/env.py
DA:1,1,7Z9Lj4ed27Wf2hBX6jooEA
DA:2,1,oBn3m+aX07XSXyLZ7hhJvQ
DA:4,1,3dKxKxZozXyzMSEGE5AqOA
DA:7,1,m1qyJxkw7IjImBhWni6p1g
DA:9,1,3WvU1lbLkI/HHWvgQ+M7JA
DA:11,1,hVBEXg3zdyYjsgN6XJeZPw
DA:13,1,LOBTQAzXtGYK7JJ0na4kYA
LF:7
LH:7
BRF:0
BRH:0
end_of_record
TN:
SF:src/errors.py
DA:2,1,9zBzX2WpfFSpI2jYR/AO/Q
DA:3,1,Mm0gM5RjCYr9H+E1bbTB7A
DA:5,1,pN0cwfxa56hBCMjbMNGrsg
DA:10,1,D/30t5/6zrElgEMassh3OA
DA:11,1,WfgLOXBrAN5EeSmFnvk/Iw
DA:13,1,/ufi6btPotmczSHtBFY+MA
DA:14,1,X4vEPl7JSzweIH9YYJhfng
DA:15,1,w3KhuJPrzEB5BKwoY5fzjA
DA:18,1,XiNCxtfjuz95MEpW1LZYvg
DA:19,1,z7qow7JrgA9GbwvV1KaROA
DA:21,1,uwnHufu2B14KWvhQ/5Lz/w
DA:22,1,X4vEPl7JSzweIH9YYJhfng
DA:23,1,w3KhuJPrzEB5BKwoY5fzjA
DA:26,1,qZvcAMxdDEo4tkc5K9yNCA
DA:27,1,J0X7Uesl6k7rtT0foL8pxw
DA:29,1,MLHoF0GueshhmrBLB0k1Tg
DA:34,1,Pe98+F4L5GzGPrPpZNAv5A
DA:35,1,yknzSkFppUblSBFw8sKU8g
DA:37,1,SnEVqRAwdvz8FBQRX53M4g
DA:6,0,X4vEPl7JSzweIH9YYJhfng
DA:7,0,w3KhuJPrzEB5BKwoY5fzjA
DA:30,0,X4vEPl7JSzweIH9YYJhfng
DA:31,0,w3KhuJPrzEB5BKwoY5fzjA
DA:38,0,X4vEPl7JSzweIH9YYJhfng
DA:39,0,w3KhuJPrzEB5BKwoY5fzjA
LF:20
LH:14
BRF:0
BRH:0
end_of_record
TN:
SF:src/models.py
DA:1,1,7HpIEQVf5K0efdTzo05mJg
DA:2,1,jEc91tz0B1b2beSYnS+UDQ
DA:3,1,DxtaAXdRc2C7Jp33EWZ6lg
DA:4,1,EeBjDCZYgcCV1BvCXJTxEQ
DA:5,1,8k0xlca9aL3a/HUvopkxuw
DA:7,1,zwNX6TikTGMq+lCYQudN5A
DA:9,1,zmpQDTcMZEMJxgC29wOfnA
DA:12,1,ptQ+aHAsi7lqhRSpuXEUzA
DA:15,1,bUl7B+ZWav9xrtJK8wQ0QA
DA:18,1,CT9XrugR0VmgtyLiirko8A
DA:19,1,qzJeqYNoEkRPbBxhwbm15w
DA:20,1,LjlhKmJ2uoIkOy7XHKZR2Q
DA:22,1,+t4dKTwRCwO7/XGGa/ptwQ
DA:23,1,tKrtAq9zx7IM4YaL8t/ciw
DA:24,1,1HYm9hoJjrbAxRx8U05Hbg
DA:26,1,leWPu3a92U46XgI3/MVg5A
DA:31,1,QT0HTa4eZJFkuvjuCOkYJQ
DA:39,1,4SDAk+kA98u9zMWaNpn/8g
DA:40,1,3pyqk/wIUg+chtiG1pN7WQ
DA:41,1,q7RKCNBC7mwzoL62BvMDZQ
DA:42,1,7M23CSYz96j0sqoJ2/rj8g
DA:44,1,XGR7YZVoYrRKJ6Ek/d6W6A
DA:52,1,CT9XrugR0VmgtyLiirko8A
DA:53,1,V4AxArAa7HQrlGwn+tFvcQ
DA:54,1,E8irMLrrMfTyYPglatFi8g
DA:56,1,+t4dKTwRCwO7/XGGa/ptwQ
DA:57,1,DDIPJWm0PFtn43rmPybsww
DA:58,1,mg0jixnXULj372jxiPe8aA
DA:59,1,d5X71fqgBtL7oTCiitYFjQ
DA:62,1,CT9XrugR0VmgtyLiirko8A
DA:63,1,63Iv3sC4vgm6OyNASndLzQ
DA:64,1,/B9KS6R80z3zrY4vS8EItw
DA:66,1,CKTqokW/T5mBGo8RCwZ5xA
DA:67,1,aXZ5kCQyf1wiRBvSDieimw
DA:69,1,leWPu3a92U46XgI3/MVg5A
DA:73,1,BjH02GrjUVzwEe4oxRpsuw
DA:27,0,Kifp9+fUlytHiLtgHYXtuw
DA:32,0,xD//Fkn+kpQyWk8pVb3isQ
DA:45,0,On1ShSMdrYoRF7trerZY3g
DA:70,0,kzKueOqzP7+setvM0V3W/A
LF:40
LH:36
BRDA:19,0,0,1
BRDA:20,0,1,1
BRDA:53,1,0,1
BRDA:54,1,1,1
BRDA:63,2,0,1
BRDA:64,2,1,1
BRF:6
BRH:6
end_of_record
TN:
SF:src/offers.py
DA:1,1,4KXOIu0EzlFAqlH6QJ+whA
DA:2,1,jEc91tz0B1b2beSYnS+UDQ
DA:3,1,EwpFrDnm0jrXNHWIDxW3Rg
DA:4,1,+VEV11HlDX9QQIpNz0yUYA
DA:5,1,077mvlYJkvk/GwWX9PB81A
DA:6,1,ZBuURFYjqBZc5UQjkSAzFQ
DA:7,1,2vuFiD3kCC2wRU2E4iTN4Q
DA:9,1,m0ErBUz58gUybmzHUexrDQ
DA:17,1,0ZzJXOpobnBjNrpHEY/6zg
DA:18,1,dBg9fA5IsVwWYmm48EauAw
DA:19,1,n1XDyPK+8lODV6gOn9WtaQ
DA:20,1,ovNXQOEEw4XOmG8U6RuKbg
DA:22,1,wrYk04l768m9gLR7N91h5Q
DA:25,1,a67ETAGuiDpryvBSKUWF5g
DA:40,1,uDPQAZnKVRgxCMnnAu985g
DA:51,1,FZkWxpLvxUP7NlzPnYwk3A
DA:58,1,FAA4BkaZsEZWr2uJnEB/Sg
DA:66,1,HkLuiIMwXaMlH6j3fbiytQ
DA:67,1,wmOBzGWrFI/liR1Qze+kPg
DA:69,1,xPlCjtthK0vOX3n05bxzIA
DA:70,1,xjcDBnSwra0OiNOAYAwoHA
DA:71,1,ScfEoxXRMbldbuE5/aJjzw
DA:75,1,OT++XwCz8SG/QQKz3/uCLw
DA:76,1,q5+eQTmh+tyukART5UO0/g
DA:77,1,tAM88sc1xgqtVPdzJ9Kgag
DA:78,1,x8JbTxJh/QCM5gPmKeOanQ
DA:79,1,vpcU5eO/Nc2wcSMNMmlEzA
DA:81,1,mO2PEQ0m4gOMLpHoxhyoXw
DA:83,1,XDJg2X+CBnsYO6Cb8eI8bw
DA:85,1,QYfm077kTEkJmKb/rYNkgQ
DA:86,1,lNy/bE6QWQ2/7hk8S7eUbg
DA:87,1,FWAKFVFFSIo7vTp22A4DPA
DA:88,1,ybh1m0bomKV1ztW+4kb1dg
DA:91,1,xvgRn9p1cQc13+I+Qm2Dtw
DA:101,1,B/Fo9U4/nMeRNS1JjGZVyQ
DA:103,1,leKoeWtBFl6FnI8ls3Sbuw
DA:107,1,zHfQJmfKHdfLyuEMuiHPJw
DA:108,1,fX9GUanNRnr876s748zXhQ
DA:109,1,8zK7ZC7VhphTTnvOt6Qxpw
DA:112,1,T6SS74hTQzFBgLPpEB5szA
DA:138,1,RnozAf1wdJ7TZrNc9n4ggw
DA:173,1,D69ZmOqpzj3LJ7spOnTxYg
DA:216,1,R/F6GthFEmh21wJKcnw7mw
DA:242,1,wwYMvj2pMMQoFel+Pa8moA
DA:270,1,Q+9shun8/d/dvexain+MyA
DA:286,1,CPN61rbV5id5y985o5gz0w
DA:32,0,B/Fo9U4/nMeRNS1JjGZVyQ
DA:33,0,78s1KMxnpISpBNkAMtkOFg
DA:34,0,Iwl0l9h1B3NyRLeJ7KKTPA
DA:35,0,xrfgocto0ESvi28H8SzmCA
DA:36,0,iX4u2dp5pGu37uRexk43XQ
DA:37,0,IrSDiiIZsG3qiLQG7zTNHA
DA:123,0,B/Fo9U4/nMeRNS1JjGZVyQ
DA:124,0,78s1KMxnpISpBNkAMtkOFg
DA:125,0,KUHAbMYkpHJi/pJd9SmYcg
DA:126,0,Trcy756kHSypeLbwiHRqag
DA:127,0,GjhrBgyjXvkKm/Sguo3evQ
DA:128,0,wib0BErIJHm+tPQsCCGddQ
DA:130,0,bGvfhCuC3WkoRHfei5m2zA
DA:131,0,IGspMHEgZAkveQeP00GN1w
DA:132,0,fI4f7KD06TSaFTFFct1QVA
DA:133,0,xrfgocto0ESvi28H8SzmCA
DA:134,0,3S2UZ9zm0fFrYCprMApZyw
DA:135,0,2D9smKICkW5MeG8mlaaAKg
DA:146,0,R2XMWA6Rf7dhlnB5Y/prhw
DA:148,0,sV3pbccHAPNOLimDNVKTuw
DA:149,0,sXAi5Hup3WRqSAAScBLF5g
DA:152,0,/j9b9gVCzSzLr1NobkYe3w
DA:154,0,ecJveyuzLAmcKTbfeQtuRA
DA:156,0,M2IaGCr9TxRZYZYMBvqjaQ
DA:158,0,QYfm077kTEkJmKb/rYNkgQ
DA:159,0,KsqC7oU73fs8Mcx7oZOqYA
DA:161,0,D2NtuClBfSogIHAqWFYb6g
DA:162,0,1Rd2ODhkDmkaj1u1UVgWrQ
DA:163,0,9ZvBrYaLzvfGexjcJS/UiA
DA:165,0,H9UsPsKA/CtSgQyugKiMrA
DA:170,0,/kOnEsoZJMkdtJaLrzzGRA
DA:180,0,fLA9360uDeqwB/J+DvM3Pg
DA:182,0,HkLuiIMwXaMlH6j3fbiytQ
DA:183,0,ClDuGcs/toskvswpSqAtug
DA:185,0,xjcDBnSwra0OiNOAYAwoHA
DA:186,0,ScfEoxXRMbldbuE5/aJjzw
DA:191,0,PKvzXNq/WhQD41RtMxNC+A
DA:192,0,GcFn48pSaAaaSGNULACm9Q
DA:193,0,meYNqR61VjaZlIxOnxUSeg
DA:196,0,pDFoC726T75iiP8mWjgZpQ
DA:197,0,m/+v6czsZW/8wSNig9GZOw
DA:198,0,meYNqR61VjaZlIxOnxUSeg
DA:202,0,rT0cO1Gj8TfMO14daIpZcA
DA:203,0,GBOcmYXzSFcSc/gDr7Ma5A
DA:207,0,meYNqR61VjaZlIxOnxUSeg
DA:211,0,ZMDP3jNfLo6Mtv0SD+C/OQ
DA:229,0,HkLuiIMwXaMlH6j3fbiytQ
DA:230,0,ClDuGcs/toskvswpSqAtug
DA:232,0,xjcDBnSwra0OiNOAYAwoHA
DA:233,0,9X5BjzWtGOsXUQxLyzbjOw
DA:237,0,tAM88sc1xgqtVPdzJ9Kgag
DA:238,0,x8JbTxJh/QCM5gPmKeOanQ
DA:239,0,+7r7MF1L5eRv14fKX9LkCw
DA:255,0,JKvVyjpMV80P2PA2zdM96Q
DA:257,0,0YTNSqScvd0TuJAwyhj+GQ
DA:258,0,xQ3DpUsOIYCILixIyva7PA
DA:259,0,lOEjyDKvcs3MvSdfIYTZoA
DA:265,0,f+G6mJpPiwUNwEwibb2htw
DA:267,0,4YWLDIuy2WSZK/qcd7+L3g
DA:277,0,B/Fo9U4/nMeRNS1JjGZVyQ
DA:278,0,78s1KMxnpISpBNkAMtkOFg
DA:279,0,kpzrd9E721RtMkhqc5uCcQ
DA:280,0,IGspMHEgZAkveQeP00GN1w
DA:281,0,xrfgocto0ESvi28H8SzmCA
DA:282,0,p1DQFigbssnIijIG6fvcJA
DA:283,0,QlZlh4dvxg2eoTvewRyZdQ
DA:296,0,fLA9360uDeqwB/J+DvM3Pg
DA:297,0,RmHBZMfN9LJySUTSot4EWA
DA:298,0,Rbf2Boy6AaXdQKzKTbusyw
DA:299,0,RfbjYDaClByNS3dGR1NJ4Q
DA:301,0,4YWLDIuy2WSZK/qcd7+L3g
LF:117
LH:46
BRDA:0,0,0,-
BRDA:34,0,1,-
BRDA:0,1,0,1
BRDA:67,1,1,1
BRDA:81,1,2,1
BRDA:86,2,0,1
BRDA:88,2,1,1
BRDA:125,3,0,-
BRDA:132,3,1,-
BRDA:127,4,0,-
BRDA:130,4,1,-
BRDA:149,5,0,-
BRDA:152,5,1,-
BRDA:159,6,0,-
BRDA:161,6,1,-
BRDA:0,7,0,-
BRDA:183,7,1,-
BRDA:192,8,0,-
BRDA:196,8,1,-
BRDA:203,9,0,-
BRDA:211,9,1,-
BRDA:0,10,0,-
BRDA:230,10,1,-
BRDA:259,11,0,-
BRDA:267,11,1,-
BRDA:0,12,0,-
BRDA:279,12,1,-
BRF:26
BRH:4
end_of_record
TN:
SF:src/util.py
DA:1,1,EZEzNmL93PY96zsSuI0PfQ
DA:3,1,gH+XcVak8u9rdX3Vo15pPQ
DA:4,1,GpMEpcoJdOrCTtH78Svmwg
DA:7,1,6Y6F54IF1htLXO0dYcLW0w
DA:9,1,YffMIcg3sgPJd/yIX7LrAg
DA:10,1,Q5SzwORPqJCAAOiEWCVnsA
DA:12,1,Zm5V6GkChJp2sMjwCBiiSA
DA:28,1,uMekTdjo/Fk0qlMhvGQcLg
DA:29,1,OVHO8EI0uEwBCMvu3CjzMw
DA:32,1,j1/n6OOMWLjlUhYQmjECFw
DA:33,1,Tom4jvU08GkSjbKzdPboaQ
LF:11
LH:11
BRF:0
BRH:0
end_of_record
TN:
SF:tests/test_models.py
DA:1,1,1B2M2Y8AsgTpgAmY7PhCfg
LF:0
LH:0
BRF:0
BRH:0
end_of_record
TN:
SF:tests/test_offers.py
DA:1,1,jEc91tz0B1b2beSYnS+UDQ
DA:2,1,6EqVyswJtxIE+9LVqyxOlA
DA:3,1,X+ZLCPn5jU4uIBXX8FIu2A
DA:4,1,4KXOIu0EzlFAqlH6QJ+whA
DA:5,1,EwpFrDnm0jrXNHWIDxW3Rg
DA:6,1,+VEV11HlDX9QQIpNz0yUYA
DA:8,1,c9b52lR/ARsVTaYU5yXrCw
DA:9,1,Qt4U/K63EvsKmwXbJUFhXQ
DA:11,1,w1a+VdxptdacAHNCZtUyCw
DA:15,1,XeuCnkejOW0blLM4qMo4AA
DA:16,1,ER2iNi+KCHjkVJ+mdA+xtw
DA:17,1,ny76//A0c1CJZFjRh3hXdg
DA:18,1,bvdYGj+UMYK2oFfucLH1dg
DA:19,1,lO0g7mIiLpKq27HeBf/z1Q
DA:20,1,Wj9fYcU+ZRQ8LNA0MS88GA
DA:22,1,7kP7nh/rViGlxEBu9kDfww
DA:26,1,nAtfKI1tmr57jkkr7I5wBQ
DA:35,1,e/JXcwXGhJ/LyzOqgDKz2Q
DA:36,1,YZ+ruwJi3aXgiq4lqSt0jQ
DA:38,1,r9vvv0vTbH3tn9iEQBT/Nw
DA:41,1,KJRDJ2VfVzC6Xjf+IdXPpQ
DA:42,1,hloHU+V2tOzNsv54XdqHXQ
DA:44,1,hhbgvZ0Fsv/c1IWd9E6DdQ
DA:45,1,nj+RgqQ4NbxBuvkkm+P3Hg
DA:48,1,JK5W1k00LVEx5HKm3XAiHQ
DA:49,1,hloHU+V2tOzNsv54XdqHXQ
DA:51,1,rNmVGvZvxLcwq6yjRviddQ
DA:53,1,euk7b3Tpu3YBgiVXX2w+WQ
DA:58,1,gGuNVWZHii6HtZomeIjI5Q
DA:62,1,MNt0AvYrCFRFndBM9HiOlg
DA:64,1,EU8hpfUjLRu+biaS15f/zw
DA:67,1,3Z7k8fyLpoGJmsQzD2Bc/g
DA:68,1,KWuvazYWClSIKw/D1OPhyw
DA:69,1,9VfQc4mGklDEyxg95kBhHQ
DA:70,1,gcnOnPY5FK9lFolS60q9Bg
DA:72,1,g1OUTAwHeAKUMOPFxC+YQQ
DA:74,1,YAIp7p5RPRFsxIKkKfRXPA
DA:76,1,o4LNn6YiGnYO+Dy1vZpfYg
DA:77,1,9K6ZYqGLuaNC+pHawOsPNA
DA:83,1,/kd30qRVnyz/LXdfLSeUPA
DA:85,1,gRCNBH26tRachz6lqBqIIQ
DA:86,1,whpfFw6Fe1Zjo2wJZi6kpw
DA:92,1,3Z7k8fyLpoGJmsQzD2Bc/g
DA:93,1,GBR4ye+cZg5uqkG1w6Jjkw
DA:94,1,ic0MgIN65kLzXCNMaYTdNw
DA:96,1,GQDpDakIZC7ZWzg4DONx6Q
DA:98,1,o4LNn6YiGnYO+Dy1vZpfYg
DA:99,1,++VC/ZTxn70/TnKIrcsmJQ
DA:101,1,wxZ+oG3KgqvuchstY83NsQ
DA:102,1,9Ldmg87jEg9112FEnfG4mw
DA:105,1,3Z7k8fyLpoGJmsQzD2Bc/g
DA:106,1,vmwwnlItSwvnM/1ArIS/Jg
DA:107,1,ic0MgIN65kLzXCNMaYTdNw
DA:109,1,RAu1OxMBttxrVIbhnnMfMg
DA:111,1,o4LNn6YiGnYO+Dy1vZpfYg
DA:112,1,9K6ZYqGLuaNC+pHawOsPNA
DA:118,1,vve9053CjqU3cflZeFcEDA
DA:121,1,9Ldmg87jEg9112FEnfG4mw
LF:58
LH:58
BRDA:0,0,0,1
BRDA:45,0,1,1
BRDA:0,1,0,1
BRDA:77,1,1,1
BRDA:0,2,0,1
BRDA:99,2,1,1
BRDA:98,3,0,1
BRDA:102,3,1,1
BRDA:0,4,0,1
BRDA:112,4,1,1
BRDA:111,5,0,1
BRDA:118,5,1,1
BRDA:121,5,2,1
BRF:12
BRH:12
end_of_record
